{"/media/farida/New Volume/me/work/microverse-coding-challenges/full_program/module2/week2/to-do-list/src/modules/store.js": {"path":"/media/farida/New Volume/me/work/microverse-coding-challenges/full_program/module2/week2/to-do-list/src/modules/store.js","statementMap":{"0":{"start":{"line":1,"column":23},"end":{"line":4,"column":1}},"1":{"start":{"line":2,"column":17},"end":{"line":2,"column":64}},"2":{"start":{"line":3,"column":4},"end":{"line":3,"column":16}},"3":{"start":{"line":6,"column":25},"end":{"line":8,"column":1}},"4":{"start":{"line":7,"column":4},"end":{"line":7,"column":56}},"5":{"start":{"line":10,"column":24},"end":{"line":15,"column":1}},"6":{"start":{"line":11,"column":4},"end":{"line":13,"column":5}},"7":{"start":{"line":11,"column":17},"end":{"line":11,"column":18}},"8":{"start":{"line":12,"column":8},"end":{"line":12,"column":31}},"9":{"start":{"line":14,"column":4},"end":{"line":14,"column":21}},"10":{"start":{"line":17,"column":23},"end":{"line":27,"column":1}},"11":{"start":{"line":18,"column":18},"end":{"line":18,"column":27}},"12":{"start":{"line":19,"column":20},"end":{"line":23,"column":5}},"13":{"start":{"line":24,"column":4},"end":{"line":24,"column":24}},"14":{"start":{"line":25,"column":4},"end":{"line":25,"column":21}},"15":{"start":{"line":26,"column":4},"end":{"line":26,"column":17}},"16":{"start":{"line":29,"column":26},"end":{"line":33,"column":1}},"17":{"start":{"line":30,"column":16},"end":{"line":30,"column":25}},"18":{"start":{"line":31,"column":4},"end":{"line":31,"column":54}},"19":{"start":{"line":31,"column":35},"end":{"line":31,"column":52}},"20":{"start":{"line":32,"column":4},"end":{"line":32,"column":20}},"21":{"start":{"line":35,"column":24},"end":{"line":43,"column":1}},"22":{"start":{"line":36,"column":18},"end":{"line":36,"column":27}},"23":{"start":{"line":37,"column":4},"end":{"line":41,"column":5}},"24":{"start":{"line":37,"column":17},"end":{"line":37,"column":18}},"25":{"start":{"line":38,"column":8},"end":{"line":40,"column":9}},"26":{"start":{"line":39,"column":12},"end":{"line":39,"column":40}},"27":{"start":{"line":42,"column":4},"end":{"line":42,"column":21}},"28":{"start":{"line":45,"column":25},"end":{"line":53,"column":1}},"29":{"start":{"line":46,"column":18},"end":{"line":46,"column":27}},"30":{"start":{"line":47,"column":4},"end":{"line":51,"column":5}},"31":{"start":{"line":47,"column":17},"end":{"line":47,"column":18}},"32":{"start":{"line":48,"column":8},"end":{"line":50,"column":9}},"33":{"start":{"line":49,"column":12},"end":{"line":49,"column":40}},"34":{"start":{"line":52,"column":4},"end":{"line":52,"column":21}},"35":{"start":{"line":55,"column":30},"end":{"line":64,"column":1}},"36":{"start":{"line":56,"column":18},"end":{"line":56,"column":27}},"37":{"start":{"line":57,"column":20},"end":{"line":57,"column":25}},"38":{"start":{"line":58,"column":4},"end":{"line":62,"column":5}},"39":{"start":{"line":58,"column":17},"end":{"line":58,"column":18}},"40":{"start":{"line":59,"column":8},"end":{"line":61,"column":9}},"41":{"start":{"line":60,"column":12},"end":{"line":60,"column":82}},"42":{"start":{"line":60,"column":51},"end":{"line":60,"column":80}},"43":{"start":{"line":63,"column":4},"end":{"line":63,"column":24}}},"fnMap":{"0":{"name":"(anonymous_0)","decl":{"start":{"line":1,"column":23},"end":{"line":1,"column":24}},"loc":{"start":{"line":1,"column":29},"end":{"line":4,"column":1}},"line":1},"1":{"name":"(anonymous_1)","decl":{"start":{"line":6,"column":25},"end":{"line":6,"column":26}},"loc":{"start":{"line":6,"column":35},"end":{"line":8,"column":1}},"line":6},"2":{"name":"(anonymous_2)","decl":{"start":{"line":10,"column":24},"end":{"line":10,"column":25}},"loc":{"start":{"line":10,"column":35},"end":{"line":15,"column":1}},"line":10},"3":{"name":"(anonymous_3)","decl":{"start":{"line":17,"column":23},"end":{"line":17,"column":24}},"loc":{"start":{"line":17,"column":33},"end":{"line":27,"column":1}},"line":17},"4":{"name":"(anonymous_4)","decl":{"start":{"line":29,"column":26},"end":{"line":29,"column":27}},"loc":{"start":{"line":29,"column":34},"end":{"line":33,"column":1}},"line":29},"5":{"name":"(anonymous_5)","decl":{"start":{"line":31,"column":25},"end":{"line":31,"column":26}},"loc":{"start":{"line":31,"column":35},"end":{"line":31,"column":52}},"line":31},"6":{"name":"(anonymous_6)","decl":{"start":{"line":35,"column":24},"end":{"line":35,"column":25}},"loc":{"start":{"line":35,"column":38},"end":{"line":43,"column":1}},"line":35},"7":{"name":"(anonymous_7)","decl":{"start":{"line":45,"column":25},"end":{"line":45,"column":26}},"loc":{"start":{"line":45,"column":41},"end":{"line":53,"column":1}},"line":45},"8":{"name":"(anonymous_8)","decl":{"start":{"line":55,"column":30},"end":{"line":55,"column":31}},"loc":{"start":{"line":55,"column":36},"end":{"line":64,"column":1}},"line":55},"9":{"name":"(anonymous_9)","decl":{"start":{"line":60,"column":41},"end":{"line":60,"column":42}},"loc":{"start":{"line":60,"column":51},"end":{"line":60,"column":80}},"line":60}},"branchMap":{"0":{"loc":{"start":{"line":2,"column":17},"end":{"line":2,"column":64}},"type":"binary-expr","locations":[{"start":{"line":2,"column":17},"end":{"line":2,"column":58}},{"start":{"line":2,"column":62},"end":{"line":2,"column":64}}],"line":2},"1":{"loc":{"start":{"line":20,"column":15},"end":{"line":20,"column":56}},"type":"cond-expr","locations":[{"start":{"line":20,"column":36},"end":{"line":20,"column":37}},{"start":{"line":20,"column":40},"end":{"line":20,"column":56}}],"line":20},"2":{"loc":{"start":{"line":38,"column":8},"end":{"line":40,"column":9}},"type":"if","locations":[{"start":{"line":38,"column":8},"end":{"line":40,"column":9}},{"start":{},"end":{}}],"line":38},"3":{"loc":{"start":{"line":48,"column":8},"end":{"line":50,"column":9}},"type":"if","locations":[{"start":{"line":48,"column":8},"end":{"line":50,"column":9}},{"start":{},"end":{}}],"line":48},"4":{"loc":{"start":{"line":59,"column":8},"end":{"line":61,"column":9}},"type":"if","locations":[{"start":{"line":59,"column":8},"end":{"line":61,"column":9}},{"start":{},"end":{}}],"line":59}},"s":{"0":1,"1":6,"2":6,"3":1,"4":6,"5":1,"6":2,"7":2,"8":1,"9":2,"10":1,"11":2,"12":2,"13":2,"14":2,"15":2,"16":1,"17":1,"18":1,"19":1,"20":1,"21":1,"22":1,"23":1,"24":1,"25":2,"26":1,"27":1,"28":1,"29":1,"30":1,"31":1,"32":2,"33":1,"34":1,"35":1,"36":1,"37":1,"38":1,"39":1,"40":2,"41":1,"42":2,"43":1},"f":{"0":6,"1":6,"2":2,"3":2,"4":1,"5":1,"6":1,"7":1,"8":1,"9":2},"b":{"0":[6,1],"1":[1,1],"2":[1,1],"3":[1,1],"4":[1,1]},"_coverageSchema":"1a1c01bbd47fc00a2c39e90264f33305004495a9","hash":"b168b2667529a1e0273c15f81f5c883125cd824a"}
}
