TN:
SF:src/modules/store.js
FN:1,(anonymous_0)
FN:6,(anonymous_1)
FN:10,(anonymous_2)
FN:17,(anonymous_3)
FN:29,(anonymous_4)
FN:31,(anonymous_5)
FN:35,(anonymous_6)
FN:45,(anonymous_7)
FN:55,(anonymous_8)
FN:60,(anonymous_9)
FNF:10
FNH:10
FNDA:6,(anonymous_0)
FNDA:6,(anonymous_1)
FNDA:2,(anonymous_2)
FNDA:2,(anonymous_3)
FNDA:1,(anonymous_4)
FNDA:1,(anonymous_5)
FNDA:1,(anonymous_6)
FNDA:1,(anonymous_7)
FNDA:1,(anonymous_8)
FNDA:2,(anonymous_9)
DA:1,1
DA:2,6
DA:3,6
DA:6,1
DA:7,6
DA:10,1
DA:11,2
DA:12,1
DA:14,2
DA:17,1
DA:18,2
DA:19,2
DA:24,2
DA:25,2
DA:26,2
DA:29,1
DA:30,1
DA:31,1
DA:32,1
DA:35,1
DA:36,1
DA:37,1
DA:38,2
DA:39,1
DA:42,1
DA:45,1
DA:46,1
DA:47,1
DA:48,2
DA:49,1
DA:52,1
DA:55,1
DA:56,1
DA:57,1
DA:58,1
DA:59,2
DA:60,2
DA:63,1
LF:38
LH:38
BRDA:2,0,0,6
BRDA:2,0,1,1
BRDA:20,1,0,1
BRDA:20,1,1,1
BRDA:38,2,0,1
BRDA:38,2,1,1
BRDA:48,3,0,1
BRDA:48,3,1,1
BRDA:59,4,0,1
BRDA:59,4,1,1
BRF:10
BRH:10
end_of_record
